app/build/intermediates/manifest_merge_blame_file/debug/manifest-merger-blame-debug-report.txt
1<?xml version="1.0" encoding="utf-8"?>
2<manifest xmlns:android="http://schemas.android.com/apk/res/android"
3    package="com.example.timeapp"
4    android:versionCode="1"
5    android:versionName="1.0" >
6
7    <uses-sdk
8        android:minSdkVersion="26"
9        android:targetSdkVersion="33" />
10
11    <!-- 需要的权限 -->
12    <uses-permission android:name="android.permission.RECEIVE_BOOT_COMPLETED" />
12-->src\main\AndroidManifest.xml:6:5-81
12-->src\main\AndroidManifest.xml:6:22-78
13    <uses-permission android:name="android.permission.WAKE_LOCK" />
13-->src\main\AndroidManifest.xml:7:5-68
13-->src\main\AndroidManifest.xml:7:22-65
14    <uses-permission android:name="android.permission.DISABLE_KEYGUARD" />
14-->src\main\AndroidManifest.xml:8:5-75
14-->src\main\AndroidManifest.xml:8:22-72
15    <uses-permission android:name="android.permission.SYSTEM_ALERT_WINDOW" />
15-->src\main\AndroidManifest.xml:9:5-78
15-->src\main\AndroidManifest.xml:9:22-75
16    <uses-permission android:name="android.permission.FOREGROUND_SERVICE" />
16-->src\main\AndroidManifest.xml:10:5-77
16-->src\main\AndroidManifest.xml:10:22-74
17
18    <permission
18-->[androidx.core:core:1.9.0] AndroidManifest.xml:22:5-24:47
19        android:name="com.example.timeapp.DYNAMIC_RECEIVER_NOT_EXPORTED_PERMISSION"
19-->[androidx.core:core:1.9.0] AndroidManifest.xml:23:9-81
20        android:protectionLevel="signature" />
20-->[androidx.core:core:1.9.0] AndroidManifest.xml:24:9-44
21
22    <uses-permission android:name="com.example.timeapp.DYNAMIC_RECEIVER_NOT_EXPORTED_PERMISSION" />
22-->[androidx.core:core:1.9.0] AndroidManifest.xml:26:5-97
22-->[androidx.core:core:1.9.0] AndroidManifest.xml:26:22-94
23
24    <application
24-->src\main\AndroidManifest.xml:12:5-51:19
25        android:allowBackup="true"
25-->src\main\AndroidManifest.xml:13:9-35
26        android:appComponentFactory="androidx.core.app.CoreComponentFactory"
26-->[androidx.core:core:1.9.0] AndroidManifest.xml:28:18-86
27        android:dataExtractionRules="@xml/data_extraction_rules"
27-->src\main\AndroidManifest.xml:14:9-65
28        android:debuggable="true"
29        android:extractNativeLibs="false"
30        android:fullBackupContent="@xml/backup_rules"
30-->src\main\AndroidManifest.xml:15:9-54
31        android:icon="@mipmap/ic_launcher"
31-->src\main\AndroidManifest.xml:16:9-43
32        android:label="@string/app_name"
32-->src\main\AndroidManifest.xml:17:9-41
33        android:roundIcon="@mipmap/ic_launcher_round"
33-->src\main\AndroidManifest.xml:18:9-54
34        android:supportsRtl="true"
34-->src\main\AndroidManifest.xml:19:9-35
35        android:theme="@style/Theme.TimeApp" >
35-->src\main\AndroidManifest.xml:20:9-45
36        <activity
36-->src\main\AndroidManifest.xml:23:9-30:20
37            android:name="com.example.timeapp.MainActivity"
37-->src\main\AndroidManifest.xml:24:13-41
38            android:exported="true" >
38-->src\main\AndroidManifest.xml:25:13-36
39            <intent-filter>
39-->src\main\AndroidManifest.xml:26:13-29:29
40                <action android:name="android.intent.action.MAIN" />
40-->src\main\AndroidManifest.xml:27:17-69
40-->src\main\AndroidManifest.xml:27:25-66
41
42                <category android:name="android.intent.category.LAUNCHER" />
42-->src\main\AndroidManifest.xml:28:17-77
42-->src\main\AndroidManifest.xml:28:27-74
43            </intent-filter>
44        </activity>
45
46        <service
46-->src\main\AndroidManifest.xml:32:9-35:40
47            android:name="com.example.timeapp.service.UnlockService"
47-->src\main\AndroidManifest.xml:33:13-50
48            android:enabled="true"
48-->src\main\AndroidManifest.xml:34:13-35
49            android:exported="false" />
49-->src\main\AndroidManifest.xml:35:13-37
50
51        <receiver
51-->src\main\AndroidManifest.xml:37:9-41:20
52            android:name="com.example.timeapp.receiver.AlarmReceiver"
52-->src\main\AndroidManifest.xml:38:13-51
53            android:enabled="true"
53-->src\main\AndroidManifest.xml:39:13-35
54            android:exported="false" >
54-->src\main\AndroidManifest.xml:40:13-37
55        </receiver>
56        <receiver
56-->src\main\AndroidManifest.xml:43:9-50:20
57            android:name="com.example.timeapp.receiver.BootReceiver"
57-->src\main\AndroidManifest.xml:44:13-50
58            android:enabled="true"
58-->src\main\AndroidManifest.xml:45:13-35
59            android:exported="false" >
59-->src\main\AndroidManifest.xml:46:13-37
60            <intent-filter>
60-->src\main\AndroidManifest.xml:47:13-49:29
61                <action android:name="android.intent.action.BOOT_COMPLETED" />
61-->src\main\AndroidManifest.xml:48:17-79
61-->src\main\AndroidManifest.xml:48:25-76
62            </intent-filter>
63        </receiver>
64
65        <provider
65-->[androidx.emoji2:emoji2:1.2.0] AndroidManifest.xml:24:9-32:20
66            android:name="androidx.startup.InitializationProvider"
66-->[androidx.emoji2:emoji2:1.2.0] AndroidManifest.xml:25:13-67
67            android:authorities="com.example.timeapp.androidx-startup"
67-->[androidx.emoji2:emoji2:1.2.0] AndroidManifest.xml:26:13-68
68            android:exported="false" >
68-->[androidx.emoji2:emoji2:1.2.0] AndroidManifest.xml:27:13-37
69            <meta-data
69-->[androidx.emoji2:emoji2:1.2.0] AndroidManifest.xml:29:13-31:52
70                android:name="androidx.emoji2.text.EmojiCompatInitializer"
70-->[androidx.emoji2:emoji2:1.2.0] AndroidManifest.xml:30:17-75
71                android:value="androidx.startup" />
71-->[androidx.emoji2:emoji2:1.2.0] AndroidManifest.xml:31:17-49
72            <meta-data
72-->[androidx.lifecycle:lifecycle-process:2.6.1] AndroidManifest.xml:29:13-31:52
73                android:name="androidx.lifecycle.ProcessLifecycleInitializer"
73-->[androidx.lifecycle:lifecycle-process:2.6.1] AndroidManifest.xml:30:17-78
74                android:value="androidx.startup" />
74-->[androidx.lifecycle:lifecycle-process:2.6.1] AndroidManifest.xml:31:17-49
75            <meta-data
75-->[androidx.profileinstaller:profileinstaller:1.3.0] AndroidManifest.xml:29:13-31:52
76                android:name="androidx.profileinstaller.ProfileInstallerInitializer"
76-->[androidx.profileinstaller:profileinstaller:1.3.0] AndroidManifest.xml:30:17-85
77                android:value="androidx.startup" />
77-->[androidx.profileinstaller:profileinstaller:1.3.0] AndroidManifest.xml:31:17-49
78        </provider>
79
80        <uses-library
80-->[androidx.window:window:1.0.0] AndroidManifest.xml:25:9-27:40
81            android:name="androidx.window.extensions"
81-->[androidx.window:window:1.0.0] AndroidManifest.xml:26:13-54
82            android:required="false" />
82-->[androidx.window:window:1.0.0] AndroidManifest.xml:27:13-37
83        <uses-library
83-->[androidx.window:window:1.0.0] AndroidManifest.xml:28:9-30:40
84            android:name="androidx.window.sidecar"
84-->[androidx.window:window:1.0.0] AndroidManifest.xml:29:13-51
85            android:required="false" />
85-->[androidx.window:window:1.0.0] AndroidManifest.xml:30:13-37
86
87        <receiver
87-->[androidx.profileinstaller:profileinstaller:1.3.0] AndroidManifest.xml:34:9-52:20
88            android:name="androidx.profileinstaller.ProfileInstallReceiver"
88-->[androidx.profileinstaller:profileinstaller:1.3.0] AndroidManifest.xml:35:13-76
89            android:directBootAware="false"
89-->[androidx.profileinstaller:profileinstaller:1.3.0] AndroidManifest.xml:36:13-44
90            android:enabled="true"
90-->[androidx.profileinstaller:profileinstaller:1.3.0] AndroidManifest.xml:37:13-35
91            android:exported="true"
91-->[androidx.profileinstaller:profileinstaller:1.3.0] AndroidManifest.xml:38:13-36
92            android:permission="android.permission.DUMP" >
92-->[androidx.profileinstaller:profileinstaller:1.3.0] AndroidManifest.xml:39:13-57
93            <intent-filter>
93-->[androidx.profileinstaller:profileinstaller:1.3.0] AndroidManifest.xml:40:13-42:29
94                <action android:name="androidx.profileinstaller.action.INSTALL_PROFILE" />
94-->[androidx.profileinstaller:profileinstaller:1.3.0] AndroidManifest.xml:41:17-91
94-->[androidx.profileinstaller:profileinstaller:1.3.0] AndroidManifest.xml:41:25-88
95            </intent-filter>
96            <intent-filter>
96-->[androidx.profileinstaller:profileinstaller:1.3.0] AndroidManifest.xml:43:13-45:29
97                <action android:name="androidx.profileinstaller.action.SKIP_FILE" />
97-->[androidx.profileinstaller:profileinstaller:1.3.0] AndroidManifest.xml:44:17-85
97-->[androidx.profileinstaller:profileinstaller:1.3.0] AndroidManifest.xml:44:25-82
98            </intent-filter>
99            <intent-filter>
99-->[androidx.profileinstaller:profileinstaller:1.3.0] AndroidManifest.xml:46:13-48:29
100                <action android:name="androidx.profileinstaller.action.SAVE_PROFILE" />
100-->[androidx.profileinstaller:profileinstaller:1.3.0] AndroidManifest.xml:47:17-88
100-->[androidx.profileinstaller:profileinstaller:1.3.0] AndroidManifest.xml:47:25-85
101            </intent-filter>
102            <intent-filter>
102-->[androidx.profileinstaller:profileinstaller:1.3.0] AndroidManifest.xml:49:13-51:29
103                <action android:name="androidx.profileinstaller.action.BENCHMARK_OPERATION" />
103-->[androidx.profileinstaller:profileinstaller:1.3.0] AndroidManifest.xml:50:17-95
103-->[androidx.profileinstaller:profileinstaller:1.3.0] AndroidManifest.xml:50:25-92
104            </intent-filter>
105        </receiver>
106    </application>
107
108</manifest>